<?xml version="1.0" encoding="UTF-8"?>
<!-- Generated by org.testng.reporters.JUnitXMLReporter -->
<testsuite ignored="0" hostname="nikhil" failures="0" tests="4" name="Test" time="56.609" errors="0" timestamp="2022-08-04T23:12:26 IST">
  <testcase classname="testclass.veriyloginfunofFB" name="FACEBOOK" time="32.862"/>
  <testcase classname="testclass.verifyloginfunctionality" name="login" time="54.514"/>
  <testcase classname="testclass.veifylogoutfunctionality" name="logoutpage" time="54.827"/>
  <testcase classname="testclass.verifyhomepagefunctionality" name="home" time="56.456"/>
</testsuite> <!-- Test -->
