<?xml version="1.0" encoding="UTF-8"?>
<testng-results ignored="0" total="4" passed="4" failed="0" skipped="0">
  <reporter-output>
  </reporter-output>
  <suite started-at="2022-08-04T23:11:30 IST" name="functionaltestingSuite" finished-at="2022-08-04T23:12:26 IST" duration-ms="56609">
    <groups>
    </groups>
    <test started-at="2022-08-04T23:11:30 IST" name="Test" finished-at="2022-08-04T23:12:26 IST" duration-ms="56609">
      <class name="testclass.veriyloginfunofFB">
        <test-method signature="FACEBOOK()[pri:1, instance:testclass.veriyloginfunofFB@21e360a]" started-at="2022-08-04T23:11:30 IST" name="FACEBOOK" finished-at="2022-08-04T23:12:03 IST" duration-ms="32862" status="PASS">
          <reporter-output>
          </reporter-output>
        </test-method> <!-- FACEBOOK -->
      </class> <!-- testclass.veriyloginfunofFB -->
      <class name="testclass.verifyloginfunctionality">
        <test-method signature="login()[pri:0, instance:testclass.verifyloginfunctionality@2b91004a]" started-at="2022-08-04T23:11:30 IST" name="login" finished-at="2022-08-04T23:12:24 IST" duration-ms="54514" status="PASS">
          <reporter-output>
          </reporter-output>
        </test-method> <!-- login -->
      </class> <!-- testclass.verifyloginfunctionality -->
      <class name="testclass.veifylogoutfunctionality">
        <test-method signature="logoutpage()[pri:0, instance:testclass.veifylogoutfunctionality@5ba3f27a]" started-at="2022-08-04T23:11:30 IST" name="logoutpage" finished-at="2022-08-04T23:12:24 IST" duration-ms="54827" status="PASS">
          <reporter-output>
          </reporter-output>
        </test-method> <!-- logoutpage -->
      </class> <!-- testclass.veifylogoutfunctionality -->
      <class name="testclass.verifyhomepagefunctionality">
        <test-method signature="home()[pri:0, instance:testclass.verifyhomepagefunctionality@58d75e99]" started-at="2022-08-04T23:11:30 IST" name="home" finished-at="2022-08-04T23:12:26 IST" duration-ms="56456" status="PASS">
          <reporter-output>
          </reporter-output>
        </test-method> <!-- home -->
      </class> <!-- testclass.verifyhomepagefunctionality -->
    </test> <!-- Test -->
  </suite> <!-- functionaltestingSuite -->
</testng-results>
